<?xml version="1.0" encoding="UTF-8"?>
<!-- Generated by org.testng.reporters.JUnitReportReporter -->
<testsuite skipped="0" hostname="Clairvoyant-590" name="com.ebanking.testcases.LoginTestPage" tests="1" failures="0" timestamp="2023-02-02T00:29:44 IST" time="12.317" errors="0">
  <testcase name="LaunchPage" time="12.317" classname="com.ebanking.testcases.LoginTestPage"/>
  <system-out/>
</testsuite> <!-- com.ebanking.testcases.LoginTestPage -->
