<?xml version="1.0" encoding="UTF-8"?>
<!-- Generated by org.testng.reporters.JUnitReportReporter -->
<testsuite skipped="0" hostname="Clairvoyant-590" name="com.ebanking.testcases.TC_Add_New_Customer" tests="1" failures="0" timestamp="2023-02-02T00:29:44 IST" time="26.194" errors="0">
  <testcase name="addCustomerToBank" time="26.194" classname="com.ebanking.testcases.TC_Add_New_Customer"/>
  <system-out/>
</testsuite> <!-- com.ebanking.testcases.TC_Add_New_Customer -->
