<?xml version="1.0" encoding="UTF-8"?>
<!-- Generated by org.testng.reporters.JUnitReportReporter -->
<testsuite skipped="0" hostname="Clairvoyant-590" name="com.ebanking.testcases.HomeTestPage" tests="1" failures="0" timestamp="2023-02-02T00:29:44 IST" time="10.222" errors="0">
  <testcase name="ValidateTextPresent" time="10.222" classname="com.ebanking.testcases.HomeTestPage"/>
  <system-out/>
</testsuite> <!-- com.ebanking.testcases.HomeTestPage -->
